0 info it worked if it ends with ok
1 verbose cli [ '/usr/local/Cellar/node/7.3.0/bin/node',
1 verbose cli   '/usr/local/bin/npm',
1 verbose cli   'install',
1 verbose cli   '--save',
1 verbose cli   'dev',
1 verbose cli   'nodemon' ]
2 info using npm@3.10.10
3 info using node@v7.3.0
4 silly loadCurrentTree Starting
5 silly install loadCurrentTree
6 silly install readLocalPackageData
7 silly fetchPackageMetaData dev
8 silly fetchPackageMetaData nodemon
9 silly fetchNamedPackageData dev
10 silly mapToRegistry name dev
11 silly mapToRegistry using default registry
12 silly mapToRegistry registry https://registry.npmjs.org/
13 silly mapToRegistry data Result {
13 silly mapToRegistry   raw: 'dev',
13 silly mapToRegistry   scope: null,
13 silly mapToRegistry   escapedName: 'dev',
13 silly mapToRegistry   name: 'dev',
13 silly mapToRegistry   rawSpec: '',
13 silly mapToRegistry   spec: 'latest',
13 silly mapToRegistry   type: 'tag' }
14 silly mapToRegistry uri https://registry.npmjs.org/dev
15 silly fetchNamedPackageData nodemon
16 silly mapToRegistry name nodemon
17 silly mapToRegistry using default registry
18 silly mapToRegistry registry https://registry.npmjs.org/
19 silly mapToRegistry data Result {
19 silly mapToRegistry   raw: 'nodemon',
19 silly mapToRegistry   scope: null,
19 silly mapToRegistry   escapedName: 'nodemon',
19 silly mapToRegistry   name: 'nodemon',
19 silly mapToRegistry   rawSpec: '',
19 silly mapToRegistry   spec: 'latest',
19 silly mapToRegistry   type: 'tag' }
20 silly mapToRegistry uri https://registry.npmjs.org/nodemon
21 verbose request uri https://registry.npmjs.org/dev
22 verbose request no auth needed
23 info attempt registry request try #1 at 10:39:12 PM
24 verbose request id c60a8438c86dc128
25 verbose etag W/"5a1fd36a-2347"
26 verbose lastModified Thu, 30 Nov 2017 09:46:18 GMT
27 http request GET https://registry.npmjs.org/dev
28 verbose request uri https://registry.npmjs.org/nodemon
29 verbose request no auth needed
30 info attempt registry request try #1 at 10:39:12 PM
31 verbose etag W/"5a21581d-33242"
32 verbose lastModified Fri, 01 Dec 2017 13:24:45 GMT
33 http request GET https://registry.npmjs.org/nodemon
34 http 304 https://registry.npmjs.org/dev
35 verbose headers { date: 'Sun, 03 Dec 2017 03:39:12 GMT',
35 verbose headers   via: '1.1 varnish',
35 verbose headers   'cache-control': 'max-age=300',
35 verbose headers   etag: 'W/"5a1fd36a-2347"',
35 verbose headers   age: '274',
35 verbose headers   connection: 'keep-alive',
35 verbose headers   'x-served-by': 'cache-ewr18140-EWR',
35 verbose headers   'x-cache': 'HIT',
35 verbose headers   'x-cache-hits': '1',
35 verbose headers   'x-timer': 'S1512272353.691544,VS0,VE0',
35 verbose headers   vary: 'Accept-Encoding, Accept' }
36 silly get cb [ 304,
36 silly get   { date: 'Sun, 03 Dec 2017 03:39:12 GMT',
36 silly get     via: '1.1 varnish',
36 silly get     'cache-control': 'max-age=300',
36 silly get     etag: 'W/"5a1fd36a-2347"',
36 silly get     age: '274',
36 silly get     connection: 'keep-alive',
36 silly get     'x-served-by': 'cache-ewr18140-EWR',
36 silly get     'x-cache': 'HIT',
36 silly get     'x-cache-hits': '1',
36 silly get     'x-timer': 'S1512272353.691544,VS0,VE0',
36 silly get     vary: 'Accept-Encoding, Accept' } ]
37 verbose etag https://registry.npmjs.org/dev from cache
38 verbose get saving dev to /Users/eddieharmon/.npm/registry.npmjs.org/dev/.cache.json
39 verbose correctMkdir /Users/eddieharmon/.npm correctMkdir not in flight; initializing
40 http 304 https://registry.npmjs.org/nodemon
41 verbose headers { date: 'Sun, 03 Dec 2017 03:39:12 GMT',
41 verbose headers   via: '1.1 varnish',
41 verbose headers   'cache-control': 'max-age=300',
41 verbose headers   etag: 'W/"5a21581d-33242"',
41 verbose headers   age: '147',
41 verbose headers   connection: 'keep-alive',
41 verbose headers   'x-served-by': 'cache-ewr18149-EWR',
41 verbose headers   'x-cache': 'HIT',
41 verbose headers   'x-cache-hits': '1',
41 verbose headers   'x-timer': 'S1512272353.722154,VS0,VE0',
41 verbose headers   vary: 'Accept-Encoding, Accept' }
42 silly get cb [ 304,
42 silly get   { date: 'Sun, 03 Dec 2017 03:39:12 GMT',
42 silly get     via: '1.1 varnish',
42 silly get     'cache-control': 'max-age=300',
42 silly get     etag: 'W/"5a21581d-33242"',
42 silly get     age: '147',
42 silly get     connection: 'keep-alive',
42 silly get     'x-served-by': 'cache-ewr18149-EWR',
42 silly get     'x-cache': 'HIT',
42 silly get     'x-cache-hits': '1',
42 silly get     'x-timer': 'S1512272353.722154,VS0,VE0',
42 silly get     vary: 'Accept-Encoding, Accept' } ]
43 verbose etag https://registry.npmjs.org/nodemon from cache
44 verbose get saving nodemon to /Users/eddieharmon/.npm/registry.npmjs.org/nodemon/.cache.json
45 verbose correctMkdir /Users/eddieharmon/.npm correctMkdir not in flight; initializing
46 silly install normalizeTree
47 silly loadCurrentTree Finishing
48 silly loadIdealTree Starting
49 silly install loadIdealTree
50 silly cloneCurrentTree Starting
51 silly install cloneCurrentTreeToIdealTree
52 silly cloneCurrentTree Finishing
53 silly loadShrinkwrap Starting
54 silly install loadShrinkwrap
55 silly loadShrinkwrap Finishing
56 silly loadAllDepsIntoIdealTree Starting
57 silly install loadAllDepsIntoIdealTree
58 silly resolveWithNewModule dev@0.1.3 checking installable status
59 silly cache add args [ 'dev', null ]
60 verbose cache add spec dev
61 silly resolveWithNewModule nodemon@1.12.1 checking installable status
62 silly cache add args [ 'nodemon', null ]
63 verbose cache add spec nodemon
64 silly cache add parsed spec Result {
64 silly cache add   raw: 'dev',
64 silly cache add   scope: null,
64 silly cache add   escapedName: 'dev',
64 silly cache add   name: 'dev',
64 silly cache add   rawSpec: '',
64 silly cache add   spec: 'latest',
64 silly cache add   type: 'tag' }
65 silly addNamed dev@latest
66 verbose addNamed "latest" is being treated as a dist-tag for dev
67 info addNameTag [ 'dev', 'latest' ]
68 silly mapToRegistry name dev
69 silly mapToRegistry using default registry
70 silly mapToRegistry registry https://registry.npmjs.org/
71 silly mapToRegistry data Result {
71 silly mapToRegistry   raw: 'dev',
71 silly mapToRegistry   scope: null,
71 silly mapToRegistry   escapedName: 'dev',
71 silly mapToRegistry   name: 'dev',
71 silly mapToRegistry   rawSpec: '',
71 silly mapToRegistry   spec: 'latest',
71 silly mapToRegistry   type: 'tag' }
72 silly mapToRegistry uri https://registry.npmjs.org/dev
73 verbose addNameTag registry:https://registry.npmjs.org/dev not in flight; fetching
74 silly cache add parsed spec Result {
74 silly cache add   raw: 'nodemon',
74 silly cache add   scope: null,
74 silly cache add   escapedName: 'nodemon',
74 silly cache add   name: 'nodemon',
74 silly cache add   rawSpec: '',
74 silly cache add   spec: 'latest',
74 silly cache add   type: 'tag' }
75 silly addNamed nodemon@latest
76 verbose addNamed "latest" is being treated as a dist-tag for nodemon
77 info addNameTag [ 'nodemon', 'latest' ]
78 silly mapToRegistry name nodemon
79 silly mapToRegistry using default registry
80 silly mapToRegistry registry https://registry.npmjs.org/
81 silly mapToRegistry data Result {
81 silly mapToRegistry   raw: 'nodemon',
81 silly mapToRegistry   scope: null,
81 silly mapToRegistry   escapedName: 'nodemon',
81 silly mapToRegistry   name: 'nodemon',
81 silly mapToRegistry   rawSpec: '',
81 silly mapToRegistry   spec: 'latest',
81 silly mapToRegistry   type: 'tag' }
82 silly mapToRegistry uri https://registry.npmjs.org/nodemon
83 verbose addNameTag registry:https://registry.npmjs.org/nodemon not in flight; fetching
84 verbose get https://registry.npmjs.org/dev not expired, no request
85 silly addNameTag next cb for dev with tag latest
86 silly addNamed dev@0.1.3
87 verbose addNamed "0.1.3" is a plain semver version for dev
88 verbose get https://registry.npmjs.org/nodemon not expired, no request
89 silly addNameTag next cb for nodemon with tag latest
90 silly addNamed nodemon@1.12.1
91 verbose addNamed "1.12.1" is a plain semver version for nodemon
92 silly cache afterAdd dev@0.1.3
93 verbose afterAdd /Users/eddieharmon/.npm/dev/0.1.3/package/package.json not in flight; writing
94 verbose correctMkdir /Users/eddieharmon/.npm correctMkdir not in flight; initializing
95 silly cache afterAdd nodemon@1.12.1
96 verbose afterAdd /Users/eddieharmon/.npm/nodemon/1.12.1/package/package.json not in flight; writing
97 verbose correctMkdir /Users/eddieharmon/.npm correctMkdir not in flight; initializing
98 verbose afterAdd /Users/eddieharmon/.npm/dev/0.1.3/package/package.json written
99 verbose afterAdd /Users/eddieharmon/.npm/nodemon/1.12.1/package/package.json written
100 silly fetchNamedPackageData inotify
101 silly mapToRegistry name inotify
102 silly mapToRegistry using default registry
103 silly mapToRegistry registry https://registry.npmjs.org/
104 silly mapToRegistry data Result {
104 silly mapToRegistry   raw: 'inotify',
104 silly mapToRegistry   scope: null,
104 silly mapToRegistry   escapedName: 'inotify',
104 silly mapToRegistry   name: 'inotify',
104 silly mapToRegistry   rawSpec: '',
104 silly mapToRegistry   spec: 'latest',
104 silly mapToRegistry   type: 'tag' }
105 silly mapToRegistry uri https://registry.npmjs.org/inotify
106 verbose request uri https://registry.npmjs.org/inotify
107 verbose request no auth needed
108 info attempt registry request try #1 at 10:39:12 PM
109 verbose etag W/"59b59b07-79fe"
110 verbose lastModified Sun, 10 Sep 2017 20:05:27 GMT
111 http request GET https://registry.npmjs.org/inotify
112 http 304 https://registry.npmjs.org/inotify
113 verbose headers { date: 'Sun, 03 Dec 2017 03:39:12 GMT',
113 verbose headers   via: '1.1 varnish',
113 verbose headers   'cache-control': 'max-age=300',
113 verbose headers   etag: 'W/"59b59b07-79fe"',
113 verbose headers   age: '274',
113 verbose headers   connection: 'keep-alive',
113 verbose headers   'x-served-by': 'cache-ewr18140-EWR',
113 verbose headers   'x-cache': 'HIT',
113 verbose headers   'x-cache-hits': '1',
113 verbose headers   'x-timer': 'S1512272353.933123,VS0,VE0',
113 verbose headers   vary: 'Accept-Encoding, Accept' }
114 silly get cb [ 304,
114 silly get   { date: 'Sun, 03 Dec 2017 03:39:12 GMT',
114 silly get     via: '1.1 varnish',
114 silly get     'cache-control': 'max-age=300',
114 silly get     etag: 'W/"59b59b07-79fe"',
114 silly get     age: '274',
114 silly get     connection: 'keep-alive',
114 silly get     'x-served-by': 'cache-ewr18140-EWR',
114 silly get     'x-cache': 'HIT',
114 silly get     'x-cache-hits': '1',
114 silly get     'x-timer': 'S1512272353.933123,VS0,VE0',
114 silly get     vary: 'Accept-Encoding, Accept' } ]
115 verbose etag https://registry.npmjs.org/inotify from cache
116 verbose get saving inotify to /Users/eddieharmon/.npm/registry.npmjs.org/inotify/.cache.json
117 verbose correctMkdir /Users/eddieharmon/.npm correctMkdir not in flight; initializing
118 silly resolveWithNewModule inotify@1.4.2 checking installable status
119 silly rollbackFailedOptional Starting
120 silly rollbackFailedOptional Finishing
121 silly runTopLevelLifecycles Finishing
122 silly install printInstalled
123 verbose stack Error: Unsupported platform for inotify@1.4.2: wanted {"name":"inotify","version":"1.4.2","author":{"name":"Camilo Aguilar","email":"camilo.aguilar@gmail.com"},"email":"camilo.aguilar@gmail.com","keywords":["inotify","watch","monitor","watch files","watch directories"],"license":"MIT","description":"inotify bindings for v8 javascript engine","repository":{"type":"git","url":"git+ssh://git@github.com/c4milo/node-inotify.git"},"os":["linux"],"engines":{"node":">=0.8"},"main":"inotify","dependencies":{"bindings":"^1.2.1","nan":"^2.3.3"},"scripts":{"test":"node-gyp configure build","install":"node-gyp rebuild"},"gypfile":true,"contributors":[{"name":"Adrian Estrada","email":"edsadr@gmail.com"},{"name":"Alexander Makarenko","email":"estliberitas@gmail.com"},{"name":"Brian Ingalls","email":"bingalls@compete.com"},{"name":"Brian White","email":"mscdex@mscdex.net"},{"name":"Camilo Aguilar","email":"camilo.aguilar@gmail.com"},{"name":"Dan VerWeire","email":"dverweire@gmail.com"},{"name":"FrozenCow","email":"frozencow@gmail.com"},{"name":"Michael Boe","email":"mschuylerb@gmail.com"},{"name":"Yannick Croissant","email":"k1der.country@free.fr"},{"name":"ikokostya","email":"ikokostya@gmail.com"}],"gitHead":"5feed6dc40be4a5d76ae9d30cf339e4f7d70ae54","bugs":{"url":"https://github.com/c4milo/node-inotify/issues"},"homepage":"https://github.com/c4milo/node-inotify#readme","_id":"inotify@1.4.2","_npmVersion":"5.3.0","_nodeVersion":"8.3.0","_npmUser":{"name":"c4milo","email":"camilo.aguilar@gmail.com"},"maintainers":[{"name":"camilo","email":"camilo@cloudescape.com"},{"name":"c4milo","email":"camilo.aguilar@gmail.com"}],"dist":{"integrity":"sha512-+dq8cO+Um/EiGujOilVGw1AclDq9V4B23z4I+PpytUlgIrWfOG/KxW4k7pRZwHHSoqUzlScCWYuQS8Wa+hYcXg==","shasum":"fd69d0f6e4a55005e338b3c1852fbb81acfb3ccc","tarball":"https://registry.npmjs.org/inotify/-/inotify-1.4.2.tgz"},"_npmOperationalInternal":{"host":"s3://npm-registry-packages","tmp":"tmp/inotify-1.4.2.tgz_1505073926403_0.6098344896454364"},"directories":{},"_from":"inotify@>= 0.1.6","_resolved":"https://registry.npmjs.org/inotify/-/inotify-1.4.2.tgz","_shasum":"fd69d0f6e4a55005e338b3c1852fbb81acfb3ccc","_requested":{"raw":"inotify@>= 0.1.6","scope":null,"escapedName":"inotify","name":"inotify","rawSpec":">= 0.1.6","spec":">=0.1.6","type":"range"},"_spec":"inotify@>= 0.1.6","_where":"/Users/eddieharmon/Desktop/terminal_exercise/calculator-api-one-route/node_modules/dev","_args":[[{"raw":"inotify@>= 0.1.6","scope":null,"escapedName":"inotify","name":"inotify","rawSpec":">= 0.1.6","spec":">=0.1.6","type":"range"},"/Users/eddieharmon/Desktop/terminal_exercise/calculator-api-one-route/node_modules/dev"]],"readme":"ERROR: No README data found!"} (current: {"os":"darwin","cpu":"x64"})
123 verbose stack     at checkPlatform (/usr/local/lib/node_modules/npm/node_modules/npm-install-checks/index.js:45:14)
123 verbose stack     at thenWarnEngineIssues (/usr/local/lib/node_modules/npm/lib/install/validate-args.js:41:5)
123 verbose stack     at /usr/local/lib/node_modules/npm/node_modules/iferr/index.js:13:50
123 verbose stack     at checkEngine (/usr/local/lib/node_modules/npm/node_modules/npm-install-checks/index.js:24:10)
123 verbose stack     at module.exports.isInstallable (/usr/local/lib/node_modules/npm/lib/install/validate-args.js:38:3)
123 verbose stack     at resolveWithNewModule (/usr/local/lib/node_modules/npm/lib/install/deps.js:511:10)
123 verbose stack     at /usr/local/lib/node_modules/npm/lib/install/deps.js:454:9
123 verbose stack     at /usr/local/lib/node_modules/npm/node_modules/iferr/index.js:13:50
123 verbose stack     at /usr/local/lib/node_modules/npm/lib/fetch-package-metadata.js:37:12
123 verbose stack     at addRequestedAndFinish (/usr/local/lib/node_modules/npm/lib/fetch-package-metadata.js:67:5)
124 verbose pkgid inotify@1.4.2
125 verbose cwd /Users/eddieharmon/Desktop/terminal_exercise/calculator-api-one-route
126 error Darwin 16.7.0
127 error argv "/usr/local/Cellar/node/7.3.0/bin/node" "/usr/local/bin/npm" "install" "--save" "dev" "nodemon"
128 error node v7.3.0
129 error npm  v3.10.10
130 error code EBADPLATFORM
131 error notsup Unsupported platform for inotify@1.4.2: wanted {"os":"linux","arch":"any"} (current: {"os":"darwin","arch":"x64"})
132 error notsup Valid OS:    linux
132 error notsup Valid Arch:  any
132 error notsup Actual OS:   darwin
132 error notsup Actual Arch: x64
133 verbose exit [ 1, true ]
